<?xml version="1.0" encoding="UTF-8"?>
<testng-results skipped="0" failed="0" total="6" passed="6">
  <reporter-output>
  </reporter-output>
  <suite name="Suite" duration-ms="883409" started-at="2019-12-11T00:55:22Z" finished-at="2019-12-11T01:10:05Z">
    <groups>
      <group name="cucumber">
        <method signature="AbstractTestNGCucumberTests.feature(cucumber.api.testng.CucumberFeatureWrapper)[pri:0, instance:com.cucumber.AutomationPractice.BatchRunnerTest@56235b8e]" name="feature" class="cucumber.api.testng.AbstractTestNGCucumberTests"/>
      </group> <!-- cucumber -->
    </groups>
    <test name="Test" duration-ms="883409" started-at="2019-12-11T00:55:22Z" finished-at="2019-12-11T01:10:05Z">
      <class name="com.cucumber.AutomationPractice.BatchRunnerTest">
        <test-method status="PASS" signature="setUpClass()[pri:0, instance:com.cucumber.AutomationPractice.BatchRunnerTest@56235b8e]" name="setUpClass" is-config="true" duration-ms="447" started-at="2019-12-11T00:55:22Z" finished-at="2019-12-11T00:55:22Z">
          <reporter-output>
          </reporter-output>
        </test-method> <!-- setUpClass -->
        <test-method status="PASS" signature="feature(cucumber.api.testng.CucumberFeatureWrapper)[pri:0, instance:com.cucumber.AutomationPractice.BatchRunnerTest@56235b8e]" name="feature" duration-ms="94514" started-at="2019-12-11T00:55:23Z" description="Runs Cucumber Feature" data-provider="features" finished-at="2019-12-11T00:56:57Z">
          <params>
            <param index="0">
              <value>
                <![CDATA[Add An Item To Cart Test]]>
              </value>
            </param>
          </params>
          <reporter-output>
          </reporter-output>
        </test-method> <!-- feature -->
        <test-method status="PASS" signature="feature(cucumber.api.testng.CucumberFeatureWrapper)[pri:0, instance:com.cucumber.AutomationPractice.BatchRunnerTest@56235b8e]" name="feature" duration-ms="94913" started-at="2019-12-11T00:56:57Z" description="Runs Cucumber Feature" data-provider="features" finished-at="2019-12-11T00:58:32Z">
          <params>
            <param index="0">
              <value>
                <![CDATA[Checkout Test]]>
              </value>
            </param>
          </params>
          <reporter-output>
          </reporter-output>
        </test-method> <!-- feature -->
        <test-method status="PASS" signature="feature(cucumber.api.testng.CucumberFeatureWrapper)[pri:0, instance:com.cucumber.AutomationPractice.BatchRunnerTest@56235b8e]" name="feature" duration-ms="310683" started-at="2019-12-11T00:58:32Z" description="Runs Cucumber Feature" data-provider="features" finished-at="2019-12-11T01:03:43Z">
          <params>
            <param index="0">
              <value>
                <![CDATA[Login Test]]>
              </value>
            </param>
          </params>
          <reporter-output>
          </reporter-output>
        </test-method> <!-- feature -->
        <test-method status="PASS" signature="feature(cucumber.api.testng.CucumberFeatureWrapper)[pri:0, instance:com.cucumber.AutomationPractice.BatchRunnerTest@56235b8e]" name="feature" duration-ms="200948" started-at="2019-12-11T01:03:43Z" description="Runs Cucumber Feature" data-provider="features" finished-at="2019-12-11T01:07:04Z">
          <params>
            <param index="0">
              <value>
                <![CDATA[Register Test]]>
              </value>
            </param>
          </params>
          <reporter-output>
          </reporter-output>
        </test-method> <!-- feature -->
        <test-method status="PASS" signature="feature(cucumber.api.testng.CucumberFeatureWrapper)[pri:0, instance:com.cucumber.AutomationPractice.BatchRunnerTest@56235b8e]" name="feature" duration-ms="145078" started-at="2019-12-11T01:07:04Z" description="Runs Cucumber Feature" data-provider="features" finished-at="2019-12-11T01:09:29Z">
          <params>
            <param index="0">
              <value>
                <![CDATA[Search Test]]>
              </value>
            </param>
          </params>
          <reporter-output>
          </reporter-output>
        </test-method> <!-- feature -->
        <test-method status="PASS" signature="feature(cucumber.api.testng.CucumberFeatureWrapper)[pri:0, instance:com.cucumber.AutomationPractice.BatchRunnerTest@56235b8e]" name="feature" duration-ms="33931" started-at="2019-12-11T01:09:29Z" description="Runs Cucumber Feature" data-provider="features" finished-at="2019-12-11T01:10:03Z">
          <params>
            <param index="0">
              <value>
                <![CDATA[Twitter Logo Test]]>
              </value>
            </param>
          </params>
          <reporter-output>
          </reporter-output>
        </test-method> <!-- feature -->
        <test-method status="PASS" signature="tearDownClass()[pri:0, instance:com.cucumber.AutomationPractice.BatchRunnerTest@56235b8e]" name="tearDownClass" is-config="true" duration-ms="2608" started-at="2019-12-11T01:10:03Z" finished-at="2019-12-11T01:10:05Z">
          <reporter-output>
          </reporter-output>
        </test-method> <!-- tearDownClass -->
      </class> <!-- com.cucumber.AutomationPractice.BatchRunnerTest -->
    </test> <!-- Test -->
  </suite> <!-- Suite -->
</testng-results>
